<?xml version="1.0" encoding="UTF-8"?>
<!-- Generated by org.testng.reporters.JUnitXMLReporter -->
<testsuite ignored="0" hostname="DESKTOP-2IFRLGS" failures="2" tests="7" name="Test" time="71.013" errors="0" timestamp="2025-07-05T08:13:08 IST">
  <testcase classname="testCases.TC003_LoginDDTest" name="verifyLoginDD" time="8.036"/>
  <testcase classname="testCases.TC003_LoginDDTest" name="verifyLoginDD" time="11.58"/>
  <testcase classname="testCases.TC003_LoginDDTest" name="verifyLoginDD" time="7.673"/>
  <testcase classname="testCases.TC003_LoginDDTest" name="verifyLoginDD" time="7.17"/>
  <testcase classname="testCases.TC003_LoginDDTest" name="verifyLoginDD" time="11.362"/>
  <testcase classname="testCases.TC003_LoginDDTest" name="verifyLoginDD" time="7.264">
    <failure type="java.lang.AssertionError" message="expected [true] but found [false]">
      <![CDATA[java.lang.AssertionError: expected [true] but found [false]
at testCases.TC003_LoginDDTest.verifyLoginDD(TC003_LoginDDTest.java:48)
at java.base/java.util.ArrayList.forEach(ArrayList.java:1596)
... Removed 29 stack frames]]>
    </failure>
  </testcase> <!-- verifyLoginDD -->
  <testcase classname="testCases.TC003_LoginDDTest" name="verifyLoginDD" time="8.098">
    <failure type="java.lang.AssertionError" message="expected [false] but found [true]">
      <![CDATA[java.lang.AssertionError: expected [false] but found [true]
at testCases.TC003_LoginDDTest.verifyLoginDD(TC003_LoginDDTest.java:59)
at java.base/java.util.ArrayList.forEach(ArrayList.java:1596)
... Removed 29 stack frames]]>
    </failure>
  </testcase> <!-- verifyLoginDD -->
</testsuite> <!-- Test -->
