<?xml version="1.0" encoding="UTF-8"?>
<testng-results ignored="0" total="2" passed="2" failed="0" skipped="0">
  <reporter-output>
  </reporter-output>
  <suite started-at="2025-07-08T05:41:45 IST" name="Suite" finished-at="2025-07-08T05:41:53 IST" duration-ms="7755">
    <groups>
      <group name="Master">
        <method signature="TC001_AccountRegistrationTest.verifyAccountRegistration()[pri:0, instance:testCases.TC001_AccountRegistrationTest@ab7395e]" name="verifyAccountRegistration" class="testCases.TC001_AccountRegistrationTest"/>
        <method signature="TC002_LoginPageTest.verifyLoginPage()[pri:0, instance:testCases.TC002_LoginPageTest@4b40f651]" name="verifyLoginPage" class="testCases.TC002_LoginPageTest"/>
      </group> <!-- Master -->
      <group name="Sanity">
        <method signature="TC002_LoginPageTest.verifyLoginPage()[pri:0, instance:testCases.TC002_LoginPageTest@4b40f651]" name="verifyLoginPage" class="testCases.TC002_LoginPageTest"/>
      </group> <!-- Sanity -->
      <group name="Regression">
        <method signature="TC001_AccountRegistrationTest.verifyAccountRegistration()[pri:0, instance:testCases.TC001_AccountRegistrationTest@ab7395e]" name="verifyAccountRegistration" class="testCases.TC001_AccountRegistrationTest"/>
      </group> <!-- Regression -->
    </groups>
    <test started-at="2025-07-08T05:41:45 IST" name="ChromeTest" finished-at="2025-07-08T05:41:53 IST" duration-ms="7755">
      <class name="testCases.TC001_AccountRegistrationTest">
        <test-method is-config="true" signature="setup(java.lang.String,java.lang.String)[pri:0, instance:testCases.TC001_AccountRegistrationTest@ab7395e]" started-at="2025-07-08T05:41:45 IST" name="setup" finished-at="2025-07-08T05:41:47 IST" duration-ms="1944" status="PASS">
          <params>
            <param index="0">
              <value>
                <![CDATA[Windows]]>
              </value>
            </param>
            <param index="1">
              <value>
                <![CDATA[Chrome]]>
              </value>
            </param>
          </params>
          <reporter-output>
          </reporter-output>
        </test-method> <!-- setup -->
        <test-method signature="verifyAccountRegistration()[pri:0, instance:testCases.TC001_AccountRegistrationTest@ab7395e]" started-at="2025-07-08T05:41:47 IST" name="verifyAccountRegistration" finished-at="2025-07-08T05:41:49 IST" duration-ms="2526" status="PASS">
          <reporter-output>
          </reporter-output>
        </test-method> <!-- verifyAccountRegistration -->
        <test-method is-config="true" signature="tearDown()[pri:0, instance:testCases.TC001_AccountRegistrationTest@ab7395e]" started-at="2025-07-08T05:41:49 IST" name="tearDown" finished-at="2025-07-08T05:41:50 IST" duration-ms="120" status="PASS">
          <reporter-output>
          </reporter-output>
        </test-method> <!-- tearDown -->
      </class> <!-- testCases.TC001_AccountRegistrationTest -->
      <class name="testCases.TC002_LoginPageTest">
        <test-method is-config="true" signature="setup(java.lang.String,java.lang.String)[pri:0, instance:testCases.TC002_LoginPageTest@4b40f651]" started-at="2025-07-08T05:41:50 IST" name="setup" finished-at="2025-07-08T05:41:51 IST" duration-ms="1405" status="PASS">
          <params>
            <param index="0">
              <value>
                <![CDATA[Windows]]>
              </value>
            </param>
            <param index="1">
              <value>
                <![CDATA[Chrome]]>
              </value>
            </param>
          </params>
          <reporter-output>
          </reporter-output>
        </test-method> <!-- setup -->
        <test-method signature="verifyLoginPage()[pri:0, instance:testCases.TC002_LoginPageTest@4b40f651]" started-at="2025-07-08T05:41:51 IST" name="verifyLoginPage" finished-at="2025-07-08T05:41:52 IST" duration-ms="1459" status="PASS">
          <reporter-output>
          </reporter-output>
        </test-method> <!-- verifyLoginPage -->
        <test-method is-config="true" signature="tearDown()[pri:0, instance:testCases.TC002_LoginPageTest@4b40f651]" started-at="2025-07-08T05:41:52 IST" name="tearDown" finished-at="2025-07-08T05:41:53 IST" duration-ms="125" status="PASS">
          <reporter-output>
          </reporter-output>
        </test-method> <!-- tearDown -->
      </class> <!-- testCases.TC002_LoginPageTest -->
    </test> <!-- ChromeTest -->
  </suite> <!-- Suite -->
</testng-results>
