<?xml version="1.0" encoding="UTF-8"?>
<testng-results ignored="0" total="1" passed="1" failed="0" skipped="0">
  <reporter-output>
  </reporter-output>
  <suite started-at="2025-07-09T07:15:49 IST" name="Suite" finished-at="2025-07-09T07:16:10 IST" duration-ms="21069">
    <groups>
      <group name="master">
        <method signature="TC004_SearchProductTest.verify_productSearch()[pri:0, instance:testCases.TC004_SearchProductTest@1f3f02ee]" name="verify_productSearch" class="testCases.TC004_SearchProductTest"/>
      </group> <!-- master -->
    </groups>
    <test started-at="2025-07-09T07:15:49 IST" name="ChromeTest" finished-at="2025-07-09T07:16:10 IST" duration-ms="21069">
      <class name="testCases.TC004_SearchProductTest">
        <test-method is-config="true" signature="setup(java.lang.String,java.lang.String)[pri:0, instance:testCases.TC004_SearchProductTest@1f3f02ee]" started-at="2025-07-09T07:15:49 IST" name="setup" finished-at="2025-07-09T07:15:57 IST" duration-ms="7554" status="PASS">
          <params>
            <param index="0">
              <value>
                <![CDATA[Windows]]>
              </value>
            </param>
            <param index="1">
              <value>
                <![CDATA[Chrome]]>
              </value>
            </param>
          </params>
          <reporter-output>
          </reporter-output>
        </test-method> <!-- setup -->
        <test-method signature="verify_productSearch()[pri:0, instance:testCases.TC004_SearchProductTest@1f3f02ee]" started-at="2025-07-09T07:15:57 IST" name="verify_productSearch" finished-at="2025-07-09T07:16:10 IST" duration-ms="12712" status="PASS">
          <reporter-output>
          </reporter-output>
        </test-method> <!-- verify_productSearch -->
        <test-method is-config="true" signature="tearDown()[pri:0, instance:testCases.TC004_SearchProductTest@1f3f02ee]" started-at="2025-07-09T07:16:10 IST" name="tearDown" finished-at="2025-07-09T07:16:10 IST" duration-ms="308" status="PASS">
          <reporter-output>
          </reporter-output>
        </test-method> <!-- tearDown -->
      </class> <!-- testCases.TC004_SearchProductTest -->
    </test> <!-- ChromeTest -->
  </suite> <!-- Suite -->
</testng-results>
